  main.cpp
d:\user\documents\github\mylearning\computer graphics\lab 1 vc 2015 with nupengl\main.cpp(24): warning C4244: “参数”: 从“double”转换到“GLfloat”，可能丢失数据
d:\user\documents\github\mylearning\computer graphics\lab 1 vc 2015 with nupengl\main.cpp(29): warning C4244: “参数”: 从“double”转换到“GLfloat”，可能丢失数据
d:\user\documents\github\mylearning\computer graphics\lab 1 vc 2015 with nupengl\main.cpp(37): warning C4305: “参数”: 从“double”到“float”截断
d:\user\documents\github\mylearning\computer graphics\lab 1 vc 2015 with nupengl\main.cpp(38): warning C4305: “参数”: 从“double”到“float”截断
d:\user\documents\github\mylearning\computer graphics\lab 1 vc 2015 with nupengl\main.cpp(38): warning C4244: “参数”: 从“double”转换到“int”，可能丢失数据
d:\user\documents\github\mylearning\computer graphics\lab 1 vc 2015 with nupengl\main.cpp(39): warning C4305: “参数”: 从“double”到“GLfloat”截断
d:\user\documents\github\mylearning\computer graphics\lab 1 vc 2015 with nupengl\main.cpp(40): warning C4244: “参数”: 从“double”转换到“int”，可能丢失数据
d:\user\documents\github\mylearning\computer graphics\lab 1 vc 2015 with nupengl\main.cpp(40): warning C4305: “参数”: 从“double”到“float”截断
d:\user\documents\github\mylearning\computer graphics\lab 1 vc 2015 with nupengl\main.cpp(41): warning C4305: “参数”: 从“double”到“GLfloat”截断
d:\user\documents\github\mylearning\computer graphics\lab 1 vc 2015 with nupengl\main.cpp(42): warning C4305: “参数”: 从“double”到“float”截断
d:\user\documents\github\mylearning\computer graphics\lab 1 vc 2015 with nupengl\main.cpp(44): warning C4305: “参数”: 从“double”到“float”截断
d:\user\documents\github\mylearning\computer graphics\lab 1 vc 2015 with nupengl\main.cpp(46): warning C4305: “参数”: 从“double”到“float”截断
d:\user\documents\github\mylearning\computer graphics\lab 1 vc 2015 with nupengl\main.cpp(48): warning C4305: “参数”: 从“double”到“float”截断
d:\user\documents\github\mylearning\computer graphics\lab 1 vc 2015 with nupengl\main.cpp(52): warning C4305: “参数”: 从“double”到“GLfloat”截断
d:\user\documents\github\mylearning\computer graphics\lab 1 vc 2015 with nupengl\main.cpp(53): warning C4305: “参数”: 从“double”到“GLfloat”截断
d:\user\documents\github\mylearning\computer graphics\lab 1 vc 2015 with nupengl\main.cpp(54): warning C4305: “参数”: 从“double”到“GLfloat”截断
d:\user\documents\github\mylearning\computer graphics\lab 1 vc 2015 with nupengl\main.cpp(55): warning C4305: “参数”: 从“double”到“GLfloat”截断
d:\user\documents\github\mylearning\computer graphics\lab 1 vc 2015 with nupengl\main.cpp(56): warning C4305: “参数”: 从“double”到“float”截断
d:\user\documents\github\mylearning\computer graphics\lab 1 vc 2015 with nupengl\main.cpp(60): warning C4305: “参数”: 从“double”到“GLfloat”截断
d:\user\documents\github\mylearning\computer graphics\lab 1 vc 2015 with nupengl\main.cpp(61): warning C4305: “参数”: 从“double”到“GLfloat”截断
d:\user\documents\github\mylearning\computer graphics\lab 1 vc 2015 with nupengl\main.cpp(62): warning C4305: “参数”: 从“double”到“GLfloat”截断
d:\user\documents\github\mylearning\computer graphics\lab 1 vc 2015 with nupengl\main.cpp(64): warning C4305: “参数”: 从“double”到“float”截断
d:\user\documents\github\mylearning\computer graphics\lab 1 vc 2015 with nupengl\main.cpp(68): warning C4305: “参数”: 从“double”到“float”截断
d:\user\documents\github\mylearning\computer graphics\lab 1 vc 2015 with nupengl\main.cpp(72): warning C4305: “参数”: 从“double”到“float”截断
d:\user\documents\github\mylearning\computer graphics\lab 1 vc 2015 with nupengl\main.cpp(76): warning C4305: “参数”: 从“double”到“float”截断
d:\user\documents\github\mylearning\computer graphics\lab 1 vc 2015 with nupengl\main.cpp(77): warning C4305: “参数”: 从“double”到“float”截断
d:\user\documents\github\mylearning\computer graphics\lab 1 vc 2015 with nupengl\main.cpp(78): warning C4305: “参数”: 从“double”到“float”截断
d:\user\documents\github\mylearning\computer graphics\lab 1 vc 2015 with nupengl\main.cpp(83): warning C4305: “参数”: 从“double”到“float”截断
d:\user\documents\github\mylearning\computer graphics\lab 1 vc 2015 with nupengl\main.cpp(84): warning C4305: “参数”: 从“double”到“float”截断
d:\user\documents\github\mylearning\computer graphics\lab 1 vc 2015 with nupengl\main.cpp(88): warning C4305: “参数”: 从“double”到“float”截断
d:\user\documents\github\mylearning\computer graphics\lab 1 vc 2015 with nupengl\main.cpp(89): warning C4305: “参数”: 从“double”到“float”截断
d:\user\documents\github\mylearning\computer graphics\lab 1 vc 2015 with nupengl\main.cpp(93): warning C4305: “参数”: 从“double”到“float”截断
d:\user\documents\github\mylearning\computer graphics\lab 1 vc 2015 with nupengl\main.cpp(94): warning C4305: “参数”: 从“double”到“float”截断
d:\user\documents\github\mylearning\computer graphics\lab 1 vc 2015 with nupengl\main.cpp(98): warning C4305: “参数”: 从“double”到“float”截断
d:\user\documents\github\mylearning\computer graphics\lab 1 vc 2015 with nupengl\main.cpp(101): warning C4305: “参数”: 从“double”到“float”截断
d:\user\documents\github\mylearning\computer graphics\lab 1 vc 2015 with nupengl\main.cpp(104): warning C4305: “参数”: 从“double”到“float”截断
d:\user\documents\github\mylearning\computer graphics\lab 1 vc 2015 with nupengl\main.cpp(107): warning C4305: “参数”: 从“double”到“float”截断
d:\user\documents\github\mylearning\computer graphics\lab 1 vc 2015 with nupengl\main.cpp(111): warning C4305: “参数”: 从“double”到“float”截断
d:\user\documents\github\mylearning\computer graphics\lab 1 vc 2015 with nupengl\main.cpp(112): warning C4305: “参数”: 从“double”到“float”截断
d:\user\documents\github\mylearning\computer graphics\lab 1 vc 2015 with nupengl\main.cpp(113): warning C4305: “参数”: 从“double”到“float”截断
d:\user\documents\github\mylearning\computer graphics\lab 1 vc 2015 with nupengl\main.cpp(116): warning C4305: “参数”: 从“double”到“GLfloat”截断
d:\user\documents\github\mylearning\computer graphics\lab 1 vc 2015 with nupengl\main.cpp(117): warning C4305: “参数”: 从“double”到“GLfloat”截断
d:\user\documents\github\mylearning\computer graphics\lab 1 vc 2015 with nupengl\main.cpp(118): warning C4305: “参数”: 从“double”到“GLfloat”截断
d:\user\documents\github\mylearning\computer graphics\lab 1 vc 2015 with nupengl\main.cpp(125): warning C4305: “参数”: 从“double”到“GLfloat”截断
d:\user\documents\github\mylearning\computer graphics\lab 1 vc 2015 with nupengl\main.cpp(129): warning C4244: “参数”: 从“double”转换到“GLfloat”，可能丢失数据
d:\user\documents\github\mylearning\computer graphics\lab 1 vc 2015 with nupengl\main.cpp(135): warning C4305: “参数”: 从“double”到“GLfloat”截断
d:\user\documents\github\mylearning\computer graphics\lab 1 vc 2015 with nupengl\main.cpp(138): warning C4305: “参数”: 从“double”到“float”截断
d:\user\documents\github\mylearning\computer graphics\lab 1 vc 2015 with nupengl\main.cpp(139): warning C4305: “参数”: 从“double”到“float”截断
d:\user\documents\github\mylearning\computer graphics\lab 1 vc 2015 with nupengl\main.cpp(140): warning C4305: “参数”: 从“double”到“float”截断
d:\user\documents\github\mylearning\computer graphics\lab 1 vc 2015 with nupengl\main.cpp(140): warning C4244: “参数”: 从“double”转换到“int”，可能丢失数据
d:\user\documents\github\mylearning\computer graphics\lab 1 vc 2015 with nupengl\main.cpp(141): warning C4305: “参数”: 从“double”到“GLfloat”截断
d:\user\documents\github\mylearning\computer graphics\lab 1 vc 2015 with nupengl\main.cpp(142): warning C4305: “参数”: 从“double”到“GLfloat”截断
d:\user\documents\github\mylearning\computer graphics\lab 1 vc 2015 with nupengl\main.cpp(143): warning C4305: “参数”: 从“double”到“float”截断
d:\user\documents\github\mylearning\computer graphics\lab 1 vc 2015 with nupengl\main.cpp(146): warning C4305: “参数”: 从“double”到“float”截断
d:\user\documents\github\mylearning\computer graphics\lab 1 vc 2015 with nupengl\main.cpp(150): warning C4305: “参数”: 从“double”到“float”截断
d:\user\documents\github\mylearning\computer graphics\lab 1 vc 2015 with nupengl\main.cpp(152): warning C4305: “参数”: 从“double”到“float”截断
d:\user\documents\github\mylearning\computer graphics\lab 1 vc 2015 with nupengl\main.cpp(158): warning C4305: “参数”: 从“double”到“GLfloat”截断
d:\user\documents\github\mylearning\computer graphics\lab 1 vc 2015 with nupengl\main.cpp(161): warning C4305: “参数”: 从“double”到“GLfloat”截断
d:\user\documents\github\mylearning\computer graphics\lab 1 vc 2015 with nupengl\main.cpp(162): warning C4305: “参数”: 从“double”到“float”截断
d:\user\documents\github\mylearning\computer graphics\lab 1 vc 2015 with nupengl\main.cpp(163): warning C4305: “参数”: 从“double”到“float”截断
d:\user\documents\github\mylearning\computer graphics\lab 1 vc 2015 with nupengl\main.cpp(163): warning C4244: “参数”: 从“double”转换到“int”，可能丢失数据
d:\user\documents\github\mylearning\computer graphics\lab 1 vc 2015 with nupengl\main.cpp(164): warning C4305: “参数”: 从“double”到“GLfloat”截断
d:\user\documents\github\mylearning\computer graphics\lab 1 vc 2015 with nupengl\main.cpp(165): warning C4305: “参数”: 从“double”到“GLfloat”截断
d:\user\documents\github\mylearning\computer graphics\lab 1 vc 2015 with nupengl\main.cpp(166): warning C4305: “参数”: 从“double”到“float”截断
d:\user\documents\github\mylearning\computer graphics\lab 1 vc 2015 with nupengl\main.cpp(167): warning C4305: “参数”: 从“double”到“float”截断
d:\user\documents\github\mylearning\computer graphics\lab 1 vc 2015 with nupengl\main.cpp(171): warning C4305: “参数”: 从“double”到“GLfloat”截断
d:\user\documents\github\mylearning\computer graphics\lab 1 vc 2015 with nupengl\main.cpp(172): warning C4244: “参数”: 从“double”转换到“int”，可能丢失数据
d:\user\documents\github\mylearning\computer graphics\lab 1 vc 2015 with nupengl\main.cpp(172): warning C4305: “参数”: 从“double”到“float”截断
d:\user\documents\github\mylearning\computer graphics\lab 1 vc 2015 with nupengl\main.cpp(173): warning C4305: “参数”: 从“double”到“GLfloat”截断
d:\user\documents\github\mylearning\computer graphics\lab 1 vc 2015 with nupengl\main.cpp(177): warning C4305: “参数”: 从“double”到“GLfloat”截断
d:\user\documents\github\mylearning\computer graphics\lab 1 vc 2015 with nupengl\main.cpp(178): warning C4305: “参数”: 从“double”到“GLfloat”截断
d:\user\documents\github\mylearning\computer graphics\lab 1 vc 2015 with nupengl\main.cpp(180): warning C4305: “参数”: 从“double”到“float”截断
d:\user\documents\github\mylearning\computer graphics\lab 1 vc 2015 with nupengl\main.cpp(184): warning C4305: “参数”: 从“double”到“float”截断
d:\user\documents\github\mylearning\computer graphics\lab 1 vc 2015 with nupengl\main.cpp(186): warning C4305: “参数”: 从“double”到“GLfloat”截断
d:\user\documents\github\mylearning\computer graphics\lab 1 vc 2015 with nupengl\main.cpp(192): warning C4305: “参数”: 从“double”到“GLfloat”截断
d:\user\documents\github\mylearning\computer graphics\lab 1 vc 2015 with nupengl\main.cpp(194): warning C4305: “参数”: 从“double”到“GLfloat”截断
d:\user\documents\github\mylearning\computer graphics\lab 1 vc 2015 with nupengl\main.cpp(195): warning C4305: “参数”: 从“double”到“GLfloat”截断
d:\user\documents\github\mylearning\computer graphics\lab 1 vc 2015 with nupengl\main.cpp(196): warning C4305: “参数”: 从“double”到“GLfloat”截断
d:\user\documents\github\mylearning\computer graphics\lab 1 vc 2015 with nupengl\main.cpp(199): warning C4305: “参数”: 从“double”到“GLfloat”截断
d:\user\documents\github\mylearning\computer graphics\lab 1 vc 2015 with nupengl\main.cpp(200): warning C4305: “参数”: 从“double”到“GLfloat”截断
d:\user\documents\github\mylearning\computer graphics\lab 1 vc 2015 with nupengl\main.cpp(201): warning C4305: “参数”: 从“double”到“GLfloat”截断
d:\user\documents\github\mylearning\computer graphics\lab 1 vc 2015 with nupengl\main.cpp(204): warning C4305: “参数”: 从“double”到“GLfloat”截断
d:\user\documents\github\mylearning\computer graphics\lab 1 vc 2015 with nupengl\main.cpp(206): warning C4305: “参数”: 从“double”到“GLfloat”截断
d:\user\documents\github\mylearning\computer graphics\lab 1 vc 2015 with nupengl\main.cpp(207): warning C4305: “参数”: 从“double”到“GLfloat”截断
d:\user\documents\github\mylearning\computer graphics\lab 1 vc 2015 with nupengl\main.cpp(208): warning C4305: “参数”: 从“double”到“GLfloat”截断
d:\user\documents\github\mylearning\computer graphics\lab 1 vc 2015 with nupengl\main.cpp(210): warning C4305: “参数”: 从“double”到“GLfloat”截断
d:\user\documents\github\mylearning\computer graphics\lab 1 vc 2015 with nupengl\main.cpp(215): warning C4305: “参数”: 从“double”到“GLfloat”截断
d:\user\documents\github\mylearning\computer graphics\lab 1 vc 2015 with nupengl\main.cpp(218): warning C4305: “参数”: 从“double”到“GLfloat”截断
d:\user\documents\github\mylearning\computer graphics\lab 1 vc 2015 with nupengl\main.cpp(219): warning C4305: “参数”: 从“double”到“float”截断
d:\user\documents\github\mylearning\computer graphics\lab 1 vc 2015 with nupengl\main.cpp(223): warning C4305: “参数”: 从“double”到“float”截断
d:\user\documents\github\mylearning\computer graphics\lab 1 vc 2015 with nupengl\main.cpp(224): warning C4305: “参数”: 从“double”到“float”截断
d:\user\documents\github\mylearning\computer graphics\lab 1 vc 2015 with nupengl\main.cpp(225): warning C4305: “参数”: 从“double”到“GLfloat”截断
d:\user\documents\github\mylearning\computer graphics\lab 1 vc 2015 with nupengl\main.cpp(229): warning C4305: “参数”: 从“double”到“float”截断
d:\user\documents\github\mylearning\computer graphics\lab 1 vc 2015 with nupengl\main.cpp(233): warning C4305: “参数”: 从“double”到“float”截断
d:\user\documents\github\mylearning\computer graphics\lab 1 vc 2015 with nupengl\main.cpp(237): warning C4305: “参数”: 从“double”到“GLfloat”截断
d:\user\documents\github\mylearning\computer graphics\lab 1 vc 2015 with nupengl\main.cpp(238): warning C4305: “参数”: 从“double”到“float”截断
d:\user\documents\github\mylearning\computer graphics\lab 1 vc 2015 with nupengl\main.cpp(243): warning C4305: “参数”: 从“double”到“float”截断
d:\user\documents\github\mylearning\computer graphics\lab 1 vc 2015 with nupengl\main.cpp(244): warning C4305: “参数”: 从“double”到“float”截断
d:\user\documents\github\mylearning\computer graphics\lab 1 vc 2015 with nupengl\main.cpp(247): warning C4305: “参数”: 从“double”到“GLfloat”截断
d:\user\documents\github\mylearning\computer graphics\lab 1 vc 2015 with nupengl\main.cpp(249): warning C4305: “参数”: 从“double”到“float”截断
d:\user\documents\github\mylearning\computer graphics\lab 1 vc 2015 with nupengl\main.cpp(250): warning C4305: “参数”: 从“double”到“GLfloat”截断
d:\user\documents\github\mylearning\computer graphics\lab 1 vc 2015 with nupengl\main.cpp(254): warning C4305: “参数”: 从“double”到“float”截断
d:\user\documents\github\mylearning\computer graphics\lab 1 vc 2015 with nupengl\main.cpp(255): warning C4305: “参数”: 从“double”到“float”截断
d:\user\documents\github\mylearning\computer graphics\lab 1 vc 2015 with nupengl\main.cpp(259): warning C4305: “参数”: 从“double”到“float”截断
d:\user\documents\github\mylearning\computer graphics\lab 1 vc 2015 with nupengl\main.cpp(260): warning C4305: “参数”: 从“double”到“float”截断
d:\user\documents\github\mylearning\computer graphics\lab 1 vc 2015 with nupengl\main.cpp(264): warning C4305: “参数”: 从“double”到“float”截断
d:\user\documents\github\mylearning\computer graphics\lab 1 vc 2015 with nupengl\main.cpp(265): warning C4305: “参数”: 从“double”到“GLfloat”截断
d:\user\documents\github\mylearning\computer graphics\lab 1 vc 2015 with nupengl\main.cpp(273): warning C4305: “参数”: 从“double”到“float”截断
d:\user\documents\github\mylearning\computer graphics\lab 1 vc 2015 with nupengl\main.cpp(276): warning C4305: “参数”: 从“double”到“float”截断
d:\user\documents\github\mylearning\computer graphics\lab 1 vc 2015 with nupengl\main.cpp(281): warning C4305: “参数”: 从“double”到“float”截断
d:\user\documents\github\mylearning\computer graphics\lab 1 vc 2015 with nupengl\main.cpp(284): warning C4305: “参数”: 从“double”到“float”截断
d:\user\documents\github\mylearning\computer graphics\lab 1 vc 2015 with nupengl\main.cpp(287): warning C4305: “参数”: 从“double”到“float”截断
d:\user\documents\github\mylearning\computer graphics\lab 1 vc 2015 with nupengl\main.cpp(290): warning C4305: “参数”: 从“double”到“float”截断
d:\user\documents\github\mylearning\computer graphics\lab 1 vc 2015 with nupengl\main.cpp(293): warning C4305: “参数”: 从“double”到“float”截断
d:\user\documents\github\mylearning\computer graphics\lab 1 vc 2015 with nupengl\main.cpp(296): warning C4305: “参数”: 从“double”到“float”截断
d:\user\documents\github\mylearning\computer graphics\lab 1 vc 2015 with nupengl\main.cpp(377): warning C4305: “+=”: 从“double”到“float”截断
d:\user\documents\github\mylearning\computer graphics\lab 1 vc 2015 with nupengl\main.cpp(383): warning C4305: “-=”: 从“double”到“float”截断
d:\user\documents\github\mylearning\computer graphics\lab 1 vc 2015 with nupengl\main.cpp(388): warning C4305: “-=”: 从“double”到“float”截断
d:\user\documents\github\mylearning\computer graphics\lab 1 vc 2015 with nupengl\main.cpp(393): warning C4305: “+=”: 从“double”到“float”截断
d:\user\documents\github\mylearning\computer graphics\lab 1 vc 2015 with nupengl\main.cpp(398): warning C4305: “-=”: 从“double”到“float”截断
d:\user\documents\github\mylearning\computer graphics\lab 1 vc 2015 with nupengl\main.cpp(403): warning C4305: “+=”: 从“double”到“float”截断
  Lab 1 VC 2015 with NupenGL.vcxproj -> D:\User\Documents\GitHub\MyLearning\Computer Graphics\Lab 1 VC 2015 with NupenGL\Debug\Lab 1 VC 2015 with NupenGL.exe
  Lab 1 VC 2015 with NupenGL.vcxproj -> D:\User\Documents\GitHub\MyLearning\Computer Graphics\Lab 1 VC 2015 with NupenGL\Debug\Lab 1 VC 2015 with NupenGL.pdb (Partial PDB)
